<?xml version="1.0" encoding="UTF-8"?>
<testsuite xmlns:xsi="http://www.w3.org/2001/XMLSchema-instance" xsi:noNamespaceSchemaLocation="https://maven.apache.org/surefire/maven-surefire-plugin/xsd/surefire-test-report-3.0.xsd" version="3.0" name="com.example.inventory.InventoryApplicationTests" time="4.518" tests="6" errors="0" skipped="0" failures="0">
  <properties>
    <property name="java.specification.version" value="21"/>
    <property name="sun.jnu.encoding" value="UTF-8"/>
    <property name="java.class.path" value="/Users/hemanthsukumar/Documents/AdvSE/Team7_project/IMP/IMS_backend/target/test-classes:/Users/hemanthsukumar/Documents/AdvSE/Team7_project/IMP/IMS_backend/target/classes:/Users/hemanthsukumar/.m2/repository/org/springframework/boot/spring-boot-starter-data-jpa/2.7.5/spring-boot-starter-data-jpa-2.7.5.jar:/Users/hemanthsukumar/.m2/repository/org/springframework/boot/spring-boot-starter-aop/2.7.5/spring-boot-starter-aop-2.7.5.jar:/Users/hemanthsukumar/.m2/repository/org/springframework/spring-aop/5.3.23/spring-aop-5.3.23.jar:/Users/hemanthsukumar/.m2/repository/org/aspectj/aspectjweaver/1.9.7/aspectjweaver-1.9.7.jar:/Users/hemanthsukumar/.m2/repository/org/springframework/boot/spring-boot-starter-jdbc/2.7.5/spring-boot-starter-jdbc-2.7.5.jar:/Users/hemanthsukumar/.m2/repository/com/zaxxer/HikariCP/4.0.3/HikariCP-4.0.3.jar:/Users/hemanthsukumar/.m2/repository/org/springframework/spring-jdbc/5.3.23/spring-jdbc-5.3.23.jar:/Users/hemanthsukumar/.m2/repository/jakarta/transaction/jakarta.transaction-api/1.3.3/jakarta.transaction-api-1.3.3.jar:/Users/hemanthsukumar/.m2/repository/jakarta/persistence/jakarta.persistence-api/2.2.3/jakarta.persistence-api-2.2.3.jar:/Users/hemanthsukumar/.m2/repository/org/hibernate/hibernate-core/5.6.12.Final/hibernate-core-5.6.12.Final.jar:/Users/hemanthsukumar/.m2/repository/org/jboss/logging/jboss-logging/3.4.3.Final/jboss-logging-3.4.3.Final.jar:/Users/hemanthsukumar/.m2/repository/net/bytebuddy/byte-buddy/1.12.18/byte-buddy-1.12.18.jar:/Users/hemanthsukumar/.m2/repository/antlr/antlr/2.7.7/antlr-2.7.7.jar:/Users/hemanthsukumar/.m2/repository/org/jboss/jandex/2.4.2.Final/jandex-2.4.2.Final.jar:/Users/hemanthsukumar/.m2/repository/com/fasterxml/classmate/1.5.1/classmate-1.5.1.jar:/Users/hemanthsukumar/.m2/repository/org/hibernate/common/hibernate-commons-annotations/5.1.2.Final/hibernate-commons-annotations-5.1.2.Final.jar:/Users/hemanthsukumar/.m2/repository/org/glassfish/jaxb/jaxb-runtime/2.3.7/jaxb-runtime-2.3.7.jar:/Users/hemanthsukumar/.m2/repository/org/glassfish/jaxb/txw2/2.3.7/txw2-2.3.7.jar:/Users/hemanthsukumar/.m2/repository/com/sun/istack/istack-commons-runtime/3.0.12/istack-commons-runtime-3.0.12.jar:/Users/hemanthsukumar/.m2/repository/org/springframework/data/spring-data-jpa/2.7.5/spring-data-jpa-2.7.5.jar:/Users/hemanthsukumar/.m2/repository/org/springframework/data/spring-data-commons/2.7.5/spring-data-commons-2.7.5.jar:/Users/hemanthsukumar/.m2/repository/org/springframework/spring-orm/5.3.23/spring-orm-5.3.23.jar:/Users/hemanthsukumar/.m2/repository/org/springframework/spring-context/5.3.23/spring-context-5.3.23.jar:/Users/hemanthsukumar/.m2/repository/org/springframework/spring-tx/5.3.23/spring-tx-5.3.23.jar:/Users/hemanthsukumar/.m2/repository/org/springframework/spring-beans/5.3.23/spring-beans-5.3.23.jar:/Users/hemanthsukumar/.m2/repository/org/slf4j/slf4j-api/1.7.36/slf4j-api-1.7.36.jar:/Users/hemanthsukumar/.m2/repository/org/springframework/spring-aspects/5.3.23/spring-aspects-5.3.23.jar:/Users/hemanthsukumar/.m2/repository/org/springframework/boot/spring-boot-starter-mail/2.7.5/spring-boot-starter-mail-2.7.5.jar:/Users/hemanthsukumar/.m2/repository/org/springframework/boot/spring-boot-starter/2.7.5/spring-boot-starter-2.7.5.jar:/Users/hemanthsukumar/.m2/repository/org/springframework/boot/spring-boot-starter-logging/2.7.5/spring-boot-starter-logging-2.7.5.jar:/Users/hemanthsukumar/.m2/repository/ch/qos/logback/logback-classic/1.2.11/logback-classic-1.2.11.jar:/Users/hemanthsukumar/.m2/repository/ch/qos/logback/logback-core/1.2.11/logback-core-1.2.11.jar:/Users/hemanthsukumar/.m2/repository/org/apache/logging/log4j/log4j-to-slf4j/2.17.2/log4j-to-slf4j-2.17.2.jar:/Users/hemanthsukumar/.m2/repository/org/apache/logging/log4j/log4j-api/2.17.2/log4j-api-2.17.2.jar:/Users/hemanthsukumar/.m2/repository/org/slf4j/jul-to-slf4j/1.7.36/jul-to-slf4j-1.7.36.jar:/Users/hemanthsukumar/.m2/repository/jakarta/annotation/jakarta.annotation-api/1.3.5/jakarta.annotation-api-1.3.5.jar:/Users/hemanthsukumar/.m2/repository/org/yaml/snakeyaml/1.30/snakeyaml-1.30.jar:/Users/hemanthsukumar/.m2/repository/org/springframework/spring-context-support/5.3.23/spring-context-support-5.3.23.jar:/Users/hemanthsukumar/.m2/repository/com/sun/mail/jakarta.mail/1.6.7/jakarta.mail-1.6.7.jar:/Users/hemanthsukumar/.m2/repository/com/sun/activation/jakarta.activation/1.2.2/jakarta.activation-1.2.2.jar:/Users/hemanthsukumar/.m2/repository/org/springframework/boot/spring-boot-starter-web/2.7.5/spring-boot-starter-web-2.7.5.jar:/Users/hemanthsukumar/.m2/repository/org/springframework/boot/spring-boot-starter-json/2.7.5/spring-boot-starter-json-2.7.5.jar:/Users/hemanthsukumar/.m2/repository/com/fasterxml/jackson/core/jackson-databind/2.13.4.2/jackson-databind-2.13.4.2.jar:/Users/hemanthsukumar/.m2/repository/com/fasterxml/jackson/core/jackson-annotations/2.13.4/jackson-annotations-2.13.4.jar:/Users/hemanthsukumar/.m2/repository/com/fasterxml/jackson/core/jackson-core/2.13.4/jackson-core-2.13.4.jar:/Users/hemanthsukumar/.m2/repository/com/fasterxml/jackson/datatype/jackson-datatype-jdk8/2.13.4/jackson-datatype-jdk8-2.13.4.jar:/Users/hemanthsukumar/.m2/repository/com/fasterxml/jackson/datatype/jackson-datatype-jsr310/2.13.4/jackson-datatype-jsr310-2.13.4.jar:/Users/hemanthsukumar/.m2/repository/com/fasterxml/jackson/module/jackson-module-parameter-names/2.13.4/jackson-module-parameter-names-2.13.4.jar:/Users/hemanthsukumar/.m2/repository/org/springframework/boot/spring-boot-starter-tomcat/2.7.5/spring-boot-starter-tomcat-2.7.5.jar:/Users/hemanthsukumar/.m2/repository/org/apache/tomcat/embed/tomcat-embed-core/9.0.68/tomcat-embed-core-9.0.68.jar:/Users/hemanthsukumar/.m2/repository/org/apache/tomcat/embed/tomcat-embed-el/9.0.68/tomcat-embed-el-9.0.68.jar:/Users/hemanthsukumar/.m2/repository/org/apache/tomcat/embed/tomcat-embed-websocket/9.0.68/tomcat-embed-websocket-9.0.68.jar:/Users/hemanthsukumar/.m2/repository/org/springframework/spring-web/5.3.23/spring-web-5.3.23.jar:/Users/hemanthsukumar/.m2/repository/org/springframework/spring-webmvc/5.3.23/spring-webmvc-5.3.23.jar:/Users/hemanthsukumar/.m2/repository/org/springframework/spring-expression/5.3.23/spring-expression-5.3.23.jar:/Users/hemanthsukumar/.m2/repository/org/springframework/boot/spring-boot-devtools/2.7.5/spring-boot-devtools-2.7.5.jar:/Users/hemanthsukumar/.m2/repository/org/springframework/boot/spring-boot/2.7.5/spring-boot-2.7.5.jar:/Users/hemanthsukumar/.m2/repository/org/springframework/boot/spring-boot-autoconfigure/2.7.5/spring-boot-autoconfigure-2.7.5.jar:/Users/hemanthsukumar/.m2/repository/com/mysql/mysql-connector-j/8.0.31/mysql-connector-j-8.0.31.jar:/Users/hemanthsukumar/.m2/repository/org/springframework/boot/spring-boot-starter-test/2.7.5/spring-boot-starter-test-2.7.5.jar:/Users/hemanthsukumar/.m2/repository/org/springframework/boot/spring-boot-test/2.7.5/spring-boot-test-2.7.5.jar:/Users/hemanthsukumar/.m2/repository/org/springframework/boot/spring-boot-test-autoconfigure/2.7.5/spring-boot-test-autoconfigure-2.7.5.jar:/Users/hemanthsukumar/.m2/repository/com/jayway/jsonpath/json-path/2.7.0/json-path-2.7.0.jar:/Users/hemanthsukumar/.m2/repository/net/minidev/json-smart/2.4.8/json-smart-2.4.8.jar:/Users/hemanthsukumar/.m2/repository/net/minidev/accessors-smart/2.4.8/accessors-smart-2.4.8.jar:/Users/hemanthsukumar/.m2/repository/org/ow2/asm/asm/9.1/asm-9.1.jar:/Users/hemanthsukumar/.m2/repository/jakarta/xml/bind/jakarta.xml.bind-api/2.3.3/jakarta.xml.bind-api-2.3.3.jar:/Users/hemanthsukumar/.m2/repository/jakarta/activation/jakarta.activation-api/1.2.2/jakarta.activation-api-1.2.2.jar:/Users/hemanthsukumar/.m2/repository/org/assertj/assertj-core/3.22.0/assertj-core-3.22.0.jar:/Users/hemanthsukumar/.m2/repository/org/hamcrest/hamcrest/2.2/hamcrest-2.2.jar:/Users/hemanthsukumar/.m2/repository/org/junit/jupiter/junit-jupiter/5.8.2/junit-jupiter-5.8.2.jar:/Users/hemanthsukumar/.m2/repository/org/junit/jupiter/junit-jupiter-api/5.8.2/junit-jupiter-api-5.8.2.jar:/Users/hemanthsukumar/.m2/repository/org/opentest4j/opentest4j/1.2.0/opentest4j-1.2.0.jar:/Users/hemanthsukumar/.m2/repository/org/junit/platform/junit-platform-commons/1.8.2/junit-platform-commons-1.8.2.jar:/Users/hemanthsukumar/.m2/repository/org/apiguardian/apiguardian-api/1.1.2/apiguardian-api-1.1.2.jar:/Users/hemanthsukumar/.m2/repository/org/junit/jupiter/junit-jupiter-params/5.8.2/junit-jupiter-params-5.8.2.jar:/Users/hemanthsukumar/.m2/repository/org/junit/jupiter/junit-jupiter-engine/5.8.2/junit-jupiter-engine-5.8.2.jar:/Users/hemanthsukumar/.m2/repository/org/junit/platform/junit-platform-engine/1.8.2/junit-platform-engine-1.8.2.jar:/Users/hemanthsukumar/.m2/repository/org/mockito/mockito-core/4.5.1/mockito-core-4.5.1.jar:/Users/hemanthsukumar/.m2/repository/net/bytebuddy/byte-buddy-agent/1.12.18/byte-buddy-agent-1.12.18.jar:/Users/hemanthsukumar/.m2/repository/org/objenesis/objenesis/3.2/objenesis-3.2.jar:/Users/hemanthsukumar/.m2/repository/org/mockito/mockito-junit-jupiter/4.5.1/mockito-junit-jupiter-4.5.1.jar:/Users/hemanthsukumar/.m2/repository/org/skyscreamer/jsonassert/1.5.1/jsonassert-1.5.1.jar:/Users/hemanthsukumar/.m2/repository/com/vaadin/external/google/android-json/0.0.20131108.vaadin1/android-json-0.0.20131108.vaadin1.jar:/Users/hemanthsukumar/.m2/repository/org/springframework/spring-core/5.3.23/spring-core-5.3.23.jar:/Users/hemanthsukumar/.m2/repository/org/springframework/spring-jcl/5.3.23/spring-jcl-5.3.23.jar:/Users/hemanthsukumar/.m2/repository/org/springframework/spring-test/5.3.23/spring-test-5.3.23.jar:/Users/hemanthsukumar/.m2/repository/org/xmlunit/xmlunit-core/2.9.0/xmlunit-core-2.9.0.jar:/Users/hemanthsukumar/.m2/repository/com/h2database/h2/2.1.214/h2-2.1.214.jar:"/>
    <property name="java.vm.vendor" value="Homebrew"/>
    <property name="sun.arch.data.model" value="64"/>
    <property name="java.vendor.url" value="https://github.com/Homebrew/homebrew-core/issues"/>
    <property name="user.timezone" value="America/Chicago"/>
    <property name="os.name" value="Mac OS X"/>
    <property name="java.vm.specification.version" value="21"/>
    <property name="user.country" value="IN"/>
    <property name="sun.java.launcher" value="SUN_STANDARD"/>
    <property name="sun.boot.library.path" value="/opt/homebrew/Cellar/openjdk/21.0.1/libexec/openjdk.jdk/Contents/Home/lib"/>
    <property name="sun.java.command" value="/Users/hemanthsukumar/Documents/AdvSE/Team7_project/IMP/IMS_backend/target/surefire/surefirebooter5335420913350005370.jar /Users/hemanthsukumar/Documents/AdvSE/Team7_project/IMP/IMS_backend/target/surefire 2024-04-21T00-21-05_438-jvmRun1 surefire10182718546556837373tmp surefire_02389381287926725153tmp"/>
    <property name="http.nonProxyHosts" value="local|*.local|169.254/16|*.169.254/16"/>
    <property name="jdk.debug" value="release"/>
    <property name="surefire.test.class.path" value="/Users/hemanthsukumar/Documents/AdvSE/Team7_project/IMP/IMS_backend/target/test-classes:/Users/hemanthsukumar/Documents/AdvSE/Team7_project/IMP/IMS_backend/target/classes:/Users/hemanthsukumar/.m2/repository/org/springframework/boot/spring-boot-starter-data-jpa/2.7.5/spring-boot-starter-data-jpa-2.7.5.jar:/Users/hemanthsukumar/.m2/repository/org/springframework/boot/spring-boot-starter-aop/2.7.5/spring-boot-starter-aop-2.7.5.jar:/Users/hemanthsukumar/.m2/repository/org/springframework/spring-aop/5.3.23/spring-aop-5.3.23.jar:/Users/hemanthsukumar/.m2/repository/org/aspectj/aspectjweaver/1.9.7/aspectjweaver-1.9.7.jar:/Users/hemanthsukumar/.m2/repository/org/springframework/boot/spring-boot-starter-jdbc/2.7.5/spring-boot-starter-jdbc-2.7.5.jar:/Users/hemanthsukumar/.m2/repository/com/zaxxer/HikariCP/4.0.3/HikariCP-4.0.3.jar:/Users/hemanthsukumar/.m2/repository/org/springframework/spring-jdbc/5.3.23/spring-jdbc-5.3.23.jar:/Users/hemanthsukumar/.m2/repository/jakarta/transaction/jakarta.transaction-api/1.3.3/jakarta.transaction-api-1.3.3.jar:/Users/hemanthsukumar/.m2/repository/jakarta/persistence/jakarta.persistence-api/2.2.3/jakarta.persistence-api-2.2.3.jar:/Users/hemanthsukumar/.m2/repository/org/hibernate/hibernate-core/5.6.12.Final/hibernate-core-5.6.12.Final.jar:/Users/hemanthsukumar/.m2/repository/org/jboss/logging/jboss-logging/3.4.3.Final/jboss-logging-3.4.3.Final.jar:/Users/hemanthsukumar/.m2/repository/net/bytebuddy/byte-buddy/1.12.18/byte-buddy-1.12.18.jar:/Users/hemanthsukumar/.m2/repository/antlr/antlr/2.7.7/antlr-2.7.7.jar:/Users/hemanthsukumar/.m2/repository/org/jboss/jandex/2.4.2.Final/jandex-2.4.2.Final.jar:/Users/hemanthsukumar/.m2/repository/com/fasterxml/classmate/1.5.1/classmate-1.5.1.jar:/Users/hemanthsukumar/.m2/repository/org/hibernate/common/hibernate-commons-annotations/5.1.2.Final/hibernate-commons-annotations-5.1.2.Final.jar:/Users/hemanthsukumar/.m2/repository/org/glassfish/jaxb/jaxb-runtime/2.3.7/jaxb-runtime-2.3.7.jar:/Users/hemanthsukumar/.m2/repository/org/glassfish/jaxb/txw2/2.3.7/txw2-2.3.7.jar:/Users/hemanthsukumar/.m2/repository/com/sun/istack/istack-commons-runtime/3.0.12/istack-commons-runtime-3.0.12.jar:/Users/hemanthsukumar/.m2/repository/org/springframework/data/spring-data-jpa/2.7.5/spring-data-jpa-2.7.5.jar:/Users/hemanthsukumar/.m2/repository/org/springframework/data/spring-data-commons/2.7.5/spring-data-commons-2.7.5.jar:/Users/hemanthsukumar/.m2/repository/org/springframework/spring-orm/5.3.23/spring-orm-5.3.23.jar:/Users/hemanthsukumar/.m2/repository/org/springframework/spring-context/5.3.23/spring-context-5.3.23.jar:/Users/hemanthsukumar/.m2/repository/org/springframework/spring-tx/5.3.23/spring-tx-5.3.23.jar:/Users/hemanthsukumar/.m2/repository/org/springframework/spring-beans/5.3.23/spring-beans-5.3.23.jar:/Users/hemanthsukumar/.m2/repository/org/slf4j/slf4j-api/1.7.36/slf4j-api-1.7.36.jar:/Users/hemanthsukumar/.m2/repository/org/springframework/spring-aspects/5.3.23/spring-aspects-5.3.23.jar:/Users/hemanthsukumar/.m2/repository/org/springframework/boot/spring-boot-starter-mail/2.7.5/spring-boot-starter-mail-2.7.5.jar:/Users/hemanthsukumar/.m2/repository/org/springframework/boot/spring-boot-starter/2.7.5/spring-boot-starter-2.7.5.jar:/Users/hemanthsukumar/.m2/repository/org/springframework/boot/spring-boot-starter-logging/2.7.5/spring-boot-starter-logging-2.7.5.jar:/Users/hemanthsukumar/.m2/repository/ch/qos/logback/logback-classic/1.2.11/logback-classic-1.2.11.jar:/Users/hemanthsukumar/.m2/repository/ch/qos/logback/logback-core/1.2.11/logback-core-1.2.11.jar:/Users/hemanthsukumar/.m2/repository/org/apache/logging/log4j/log4j-to-slf4j/2.17.2/log4j-to-slf4j-2.17.2.jar:/Users/hemanthsukumar/.m2/repository/org/apache/logging/log4j/log4j-api/2.17.2/log4j-api-2.17.2.jar:/Users/hemanthsukumar/.m2/repository/org/slf4j/jul-to-slf4j/1.7.36/jul-to-slf4j-1.7.36.jar:/Users/hemanthsukumar/.m2/repository/jakarta/annotation/jakarta.annotation-api/1.3.5/jakarta.annotation-api-1.3.5.jar:/Users/hemanthsukumar/.m2/repository/org/yaml/snakeyaml/1.30/snakeyaml-1.30.jar:/Users/hemanthsukumar/.m2/repository/org/springframework/spring-context-support/5.3.23/spring-context-support-5.3.23.jar:/Users/hemanthsukumar/.m2/repository/com/sun/mail/jakarta.mail/1.6.7/jakarta.mail-1.6.7.jar:/Users/hemanthsukumar/.m2/repository/com/sun/activation/jakarta.activation/1.2.2/jakarta.activation-1.2.2.jar:/Users/hemanthsukumar/.m2/repository/org/springframework/boot/spring-boot-starter-web/2.7.5/spring-boot-starter-web-2.7.5.jar:/Users/hemanthsukumar/.m2/repository/org/springframework/boot/spring-boot-starter-json/2.7.5/spring-boot-starter-json-2.7.5.jar:/Users/hemanthsukumar/.m2/repository/com/fasterxml/jackson/core/jackson-databind/2.13.4.2/jackson-databind-2.13.4.2.jar:/Users/hemanthsukumar/.m2/repository/com/fasterxml/jackson/core/jackson-annotations/2.13.4/jackson-annotations-2.13.4.jar:/Users/hemanthsukumar/.m2/repository/com/fasterxml/jackson/core/jackson-core/2.13.4/jackson-core-2.13.4.jar:/Users/hemanthsukumar/.m2/repository/com/fasterxml/jackson/datatype/jackson-datatype-jdk8/2.13.4/jackson-datatype-jdk8-2.13.4.jar:/Users/hemanthsukumar/.m2/repository/com/fasterxml/jackson/datatype/jackson-datatype-jsr310/2.13.4/jackson-datatype-jsr310-2.13.4.jar:/Users/hemanthsukumar/.m2/repository/com/fasterxml/jackson/module/jackson-module-parameter-names/2.13.4/jackson-module-parameter-names-2.13.4.jar:/Users/hemanthsukumar/.m2/repository/org/springframework/boot/spring-boot-starter-tomcat/2.7.5/spring-boot-starter-tomcat-2.7.5.jar:/Users/hemanthsukumar/.m2/repository/org/apache/tomcat/embed/tomcat-embed-core/9.0.68/tomcat-embed-core-9.0.68.jar:/Users/hemanthsukumar/.m2/repository/org/apache/tomcat/embed/tomcat-embed-el/9.0.68/tomcat-embed-el-9.0.68.jar:/Users/hemanthsukumar/.m2/repository/org/apache/tomcat/embed/tomcat-embed-websocket/9.0.68/tomcat-embed-websocket-9.0.68.jar:/Users/hemanthsukumar/.m2/repository/org/springframework/spring-web/5.3.23/spring-web-5.3.23.jar:/Users/hemanthsukumar/.m2/repository/org/springframework/spring-webmvc/5.3.23/spring-webmvc-5.3.23.jar:/Users/hemanthsukumar/.m2/repository/org/springframework/spring-expression/5.3.23/spring-expression-5.3.23.jar:/Users/hemanthsukumar/.m2/repository/org/springframework/boot/spring-boot-devtools/2.7.5/spring-boot-devtools-2.7.5.jar:/Users/hemanthsukumar/.m2/repository/org/springframework/boot/spring-boot/2.7.5/spring-boot-2.7.5.jar:/Users/hemanthsukumar/.m2/repository/org/springframework/boot/spring-boot-autoconfigure/2.7.5/spring-boot-autoconfigure-2.7.5.jar:/Users/hemanthsukumar/.m2/repository/com/mysql/mysql-connector-j/8.0.31/mysql-connector-j-8.0.31.jar:/Users/hemanthsukumar/.m2/repository/org/springframework/boot/spring-boot-starter-test/2.7.5/spring-boot-starter-test-2.7.5.jar:/Users/hemanthsukumar/.m2/repository/org/springframework/boot/spring-boot-test/2.7.5/spring-boot-test-2.7.5.jar:/Users/hemanthsukumar/.m2/repository/org/springframework/boot/spring-boot-test-autoconfigure/2.7.5/spring-boot-test-autoconfigure-2.7.5.jar:/Users/hemanthsukumar/.m2/repository/com/jayway/jsonpath/json-path/2.7.0/json-path-2.7.0.jar:/Users/hemanthsukumar/.m2/repository/net/minidev/json-smart/2.4.8/json-smart-2.4.8.jar:/Users/hemanthsukumar/.m2/repository/net/minidev/accessors-smart/2.4.8/accessors-smart-2.4.8.jar:/Users/hemanthsukumar/.m2/repository/org/ow2/asm/asm/9.1/asm-9.1.jar:/Users/hemanthsukumar/.m2/repository/jakarta/xml/bind/jakarta.xml.bind-api/2.3.3/jakarta.xml.bind-api-2.3.3.jar:/Users/hemanthsukumar/.m2/repository/jakarta/activation/jakarta.activation-api/1.2.2/jakarta.activation-api-1.2.2.jar:/Users/hemanthsukumar/.m2/repository/org/assertj/assertj-core/3.22.0/assertj-core-3.22.0.jar:/Users/hemanthsukumar/.m2/repository/org/hamcrest/hamcrest/2.2/hamcrest-2.2.jar:/Users/hemanthsukumar/.m2/repository/org/junit/jupiter/junit-jupiter/5.8.2/junit-jupiter-5.8.2.jar:/Users/hemanthsukumar/.m2/repository/org/junit/jupiter/junit-jupiter-api/5.8.2/junit-jupiter-api-5.8.2.jar:/Users/hemanthsukumar/.m2/repository/org/opentest4j/opentest4j/1.2.0/opentest4j-1.2.0.jar:/Users/hemanthsukumar/.m2/repository/org/junit/platform/junit-platform-commons/1.8.2/junit-platform-commons-1.8.2.jar:/Users/hemanthsukumar/.m2/repository/org/apiguardian/apiguardian-api/1.1.2/apiguardian-api-1.1.2.jar:/Users/hemanthsukumar/.m2/repository/org/junit/jupiter/junit-jupiter-params/5.8.2/junit-jupiter-params-5.8.2.jar:/Users/hemanthsukumar/.m2/repository/org/junit/jupiter/junit-jupiter-engine/5.8.2/junit-jupiter-engine-5.8.2.jar:/Users/hemanthsukumar/.m2/repository/org/junit/platform/junit-platform-engine/1.8.2/junit-platform-engine-1.8.2.jar:/Users/hemanthsukumar/.m2/repository/org/mockito/mockito-core/4.5.1/mockito-core-4.5.1.jar:/Users/hemanthsukumar/.m2/repository/net/bytebuddy/byte-buddy-agent/1.12.18/byte-buddy-agent-1.12.18.jar:/Users/hemanthsukumar/.m2/repository/org/objenesis/objenesis/3.2/objenesis-3.2.jar:/Users/hemanthsukumar/.m2/repository/org/mockito/mockito-junit-jupiter/4.5.1/mockito-junit-jupiter-4.5.1.jar:/Users/hemanthsukumar/.m2/repository/org/skyscreamer/jsonassert/1.5.1/jsonassert-1.5.1.jar:/Users/hemanthsukumar/.m2/repository/com/vaadin/external/google/android-json/0.0.20131108.vaadin1/android-json-0.0.20131108.vaadin1.jar:/Users/hemanthsukumar/.m2/repository/org/springframework/spring-core/5.3.23/spring-core-5.3.23.jar:/Users/hemanthsukumar/.m2/repository/org/springframework/spring-jcl/5.3.23/spring-jcl-5.3.23.jar:/Users/hemanthsukumar/.m2/repository/org/springframework/spring-test/5.3.23/spring-test-5.3.23.jar:/Users/hemanthsukumar/.m2/repository/org/xmlunit/xmlunit-core/2.9.0/xmlunit-core-2.9.0.jar:/Users/hemanthsukumar/.m2/repository/com/h2database/h2/2.1.214/h2-2.1.214.jar:"/>
    <property name="sun.cpu.endian" value="little"/>
    <property name="user.home" value="/Users/hemanthsukumar"/>
    <property name="user.language" value="en"/>
    <property name="java.specification.vendor" value="Oracle Corporation"/>
    <property name="java.version.date" value="2023-10-17"/>
    <property name="java.home" value="/opt/homebrew/Cellar/openjdk/21.0.1/libexec/openjdk.jdk/Contents/Home"/>
    <property name="file.separator" value="/"/>
    <property name="basedir" value="/Users/hemanthsukumar/Documents/AdvSE/Team7_project/IMP/IMS_backend"/>
    <property name="java.vm.compressedOopsMode" value="Zero based"/>
    <property name="line.separator" value="&#10;"/>
    <property name="java.vm.specification.vendor" value="Oracle Corporation"/>
    <property name="java.specification.name" value="Java Platform API Specification"/>
    <property name="FILE_LOG_CHARSET" value="UTF-8"/>
    <property name="java.awt.headless" value="true"/>
    <property name="apple.awt.application.name" value="ForkedBooter"/>
    <property name="surefire.real.class.path" value="/Users/hemanthsukumar/Documents/AdvSE/Team7_project/IMP/IMS_backend/target/surefire/surefirebooter5335420913350005370.jar"/>
    <property name="sun.management.compiler" value="HotSpot 64-Bit Tiered Compilers"/>
    <property name="ftp.nonProxyHosts" value="local|*.local|169.254/16|*.169.254/16"/>
    <property name="java.runtime.version" value="21.0.1"/>
    <property name="user.name" value="hemanthsukumar"/>
    <property name="stdout.encoding" value="UTF-8"/>
    <property name="path.separator" value=":"/>
    <property name="os.version" value="14.4.1"/>
    <property name="java.runtime.name" value="OpenJDK Runtime Environment"/>
    <property name="file.encoding" value="UTF-8"/>
    <property name="spring.beaninfo.ignore" value="true"/>
    <property name="java.vm.name" value="OpenJDK 64-Bit Server VM"/>
    <property name="java.vendor.version" value="Homebrew"/>
    <property name="testFailureIgnore" value="true"/>
    <property name="localRepository" value="/Users/hemanthsukumar/.m2/repository"/>
    <property name="java.vendor.url.bug" value="https://github.com/Homebrew/homebrew-core/issues"/>
    <property name="java.io.tmpdir" value="/var/folders/wh/n791lq6x0cj146g913mmr96h0000gn/T/"/>
    <property name="com.zaxxer.hikari.pool_number" value="1"/>
    <property name="java.version" value="21.0.1"/>
    <property name="user.dir" value="/Users/hemanthsukumar/Documents/AdvSE/Team7_project/IMP/IMS_backend"/>
    <property name="os.arch" value="aarch64"/>
    <property name="java.vm.specification.name" value="Java Virtual Machine Specification"/>
    <property name="PID" value="3079"/>
    <property name="CONSOLE_LOG_CHARSET" value="UTF-8"/>
    <property name="native.encoding" value="UTF-8"/>
    <property name="java.library.path" value="/Users/hemanthsukumar/Library/Java/Extensions:/Library/Java/Extensions:/Network/Library/Java/Extensions:/System/Library/Java/Extensions:/usr/lib/java:."/>
    <property name="java.vm.info" value="mixed mode, sharing"/>
    <property name="stderr.encoding" value="UTF-8"/>
    <property name="java.vendor" value="Homebrew"/>
    <property name="java.vm.version" value="21.0.1"/>
    <property name="sun.io.unicode.encoding" value="UnicodeBig"/>
    <property name="socksNonProxyHosts" value="local|*.local|169.254/16|*.169.254/16"/>
    <property name="java.class.version" value="65.0"/>
  </properties>
  <testcase name="getInventory" classname="com.example.inventory.InventoryApplicationTests" time="0.02">
    <system-out><![CDATA[00:21:05.925 [main] DEBUG org.springframework.test.context.BootstrapUtils - Instantiating CacheAwareContextLoaderDelegate from class [org.springframework.test.context.cache.DefaultCacheAwareContextLoaderDelegate]
00:21:05.929 [main] DEBUG org.springframework.test.context.BootstrapUtils - Instantiating BootstrapContext using constructor [public org.springframework.test.context.support.DefaultBootstrapContext(java.lang.Class,org.springframework.test.context.CacheAwareContextLoaderDelegate)]
00:21:05.945 [main] DEBUG org.springframework.test.context.BootstrapUtils - Instantiating TestContextBootstrapper for test class [com.example.inventory.InventoryApplicationTests] from class [org.springframework.boot.test.context.SpringBootTestContextBootstrapper]
00:21:05.950 [main] INFO org.springframework.boot.test.context.SpringBootTestContextBootstrapper - Neither @ContextConfiguration nor @ContextHierarchy found for test class [com.example.inventory.InventoryApplicationTests], using SpringBootContextLoader
00:21:05.952 [main] DEBUG org.springframework.test.context.support.AbstractContextLoader - Did not detect default resource location for test class [com.example.inventory.InventoryApplicationTests]: class path resource [com/example/inventory/InventoryApplicationTests-context.xml] does not exist
00:21:05.952 [main] DEBUG org.springframework.test.context.support.AbstractContextLoader - Did not detect default resource location for test class [com.example.inventory.InventoryApplicationTests]: class path resource [com/example/inventory/InventoryApplicationTestsContext.groovy] does not exist
00:21:05.952 [main] INFO org.springframework.test.context.support.AbstractContextLoader - Could not detect default resource locations for test class [com.example.inventory.InventoryApplicationTests]: no resource found for suffixes {-context.xml, Context.groovy}.
00:21:05.952 [main] INFO org.springframework.test.context.support.AnnotationConfigContextLoaderUtils - Could not detect default configuration classes for test class [com.example.inventory.InventoryApplicationTests]: InventoryApplicationTests does not declare any static, non-private, non-final, nested classes annotated with @Configuration.
00:21:05.977 [main] DEBUG org.springframework.test.context.support.ActiveProfilesUtils - Could not find an 'annotation declaring class' for annotation type [org.springframework.test.context.ActiveProfiles] and class [com.example.inventory.InventoryApplicationTests]
00:21:06.004 [main] DEBUG org.springframework.context.annotation.ClassPathScanningCandidateComponentProvider - Identified candidate component class: file [/Users/hemanthsukumar/Documents/AdvSE/Team7_project/IMP/IMS_backend/target/classes/com/example/inventory/InventoryApplication.class]
00:21:06.005 [main] INFO org.springframework.boot.test.context.SpringBootTestContextBootstrapper - Found @SpringBootConfiguration com.example.inventory.InventoryApplication for test class com.example.inventory.InventoryApplicationTests
00:21:06.036 [main] DEBUG org.springframework.boot.test.context.SpringBootTestContextBootstrapper - @TestExecutionListeners is not present for class [com.example.inventory.InventoryApplicationTests]: using defaults.
00:21:06.036 [main] INFO org.springframework.boot.test.context.SpringBootTestContextBootstrapper - Loaded default TestExecutionListener class names from location [META-INF/spring.factories]: [org.springframework.boot.test.mock.mockito.MockitoTestExecutionListener, org.springframework.boot.test.mock.mockito.ResetMocksTestExecutionListener, org.springframework.boot.test.autoconfigure.restdocs.RestDocsTestExecutionListener, org.springframework.boot.test.autoconfigure.web.client.MockRestServiceServerResetTestExecutionListener, org.springframework.boot.test.autoconfigure.web.servlet.MockMvcPrintOnlyOnFailureTestExecutionListener, org.springframework.boot.test.autoconfigure.web.servlet.WebDriverTestExecutionListener, org.springframework.boot.test.autoconfigure.webservices.client.MockWebServiceServerTestExecutionListener, org.springframework.test.context.web.ServletTestExecutionListener, org.springframework.test.context.support.DirtiesContextBeforeModesTestExecutionListener, org.springframework.test.context.event.ApplicationEventsTestExecutionListener, org.springframework.test.context.support.DependencyInjectionTestExecutionListener, org.springframework.test.context.support.DirtiesContextTestExecutionListener, org.springframework.test.context.transaction.TransactionalTestExecutionListener, org.springframework.test.context.jdbc.SqlScriptsTestExecutionListener, org.springframework.test.context.event.EventPublishingTestExecutionListener]
00:21:06.045 [main] INFO org.springframework.boot.test.context.SpringBootTestContextBootstrapper - Using TestExecutionListeners: [org.springframework.test.context.web.ServletTestExecutionListener@1046d517, org.springframework.test.context.support.DirtiesContextBeforeModesTestExecutionListener@3b7d3a38, org.springframework.test.context.event.ApplicationEventsTestExecutionListener@416c58f5, org.springframework.boot.test.mock.mockito.MockitoTestExecutionListener@5505ae1a, org.springframework.boot.test.autoconfigure.SpringBootDependencyInjectionTestExecutionListener@73cd37c0, org.springframework.test.context.support.DirtiesContextTestExecutionListener@21337f7b, org.springframework.test.context.transaction.TransactionalTestExecutionListener@2bb3058, org.springframework.test.context.jdbc.SqlScriptsTestExecutionListener@7a362b6b, org.springframework.test.context.event.EventPublishingTestExecutionListener@60df60da, org.springframework.boot.test.mock.mockito.ResetMocksTestExecutionListener@5a2d131d, org.springframework.boot.test.autoconfigure.restdocs.RestDocsTestExecutionListener@14fc1f0, org.springframework.boot.test.autoconfigure.web.client.MockRestServiceServerResetTestExecutionListener@4ae9cfc1, org.springframework.boot.test.autoconfigure.web.servlet.MockMvcPrintOnlyOnFailureTestExecutionListener@512baff6, org.springframework.boot.test.autoconfigure.web.servlet.WebDriverTestExecutionListener@632ceb35, org.springframework.boot.test.autoconfigure.webservices.client.MockWebServiceServerTestExecutionListener@1c93f6e1]
00:21:06.047 [main] DEBUG org.springframework.test.context.support.AbstractDirtiesContextTestExecutionListener - Before test class: context [DefaultTestContext@3b96c42e testClass = InventoryApplicationTests, testInstance = [null], testMethod = [null], testException = [null], mergedContextConfiguration = [WebMergedContextConfiguration@5d066c7d testClass = InventoryApplicationTests, locations = '{}', classes = '{class com.example.inventory.InventoryApplication}', contextInitializerClasses = '[]', activeProfiles = '{}', propertySourceLocations = '{}', propertySourceProperties = '{org.springframework.boot.test.context.SpringBootTestContextBootstrapper=true}', contextCustomizers = set[org.springframework.boot.test.context.filter.ExcludeFilterContextCustomizer@48f278eb, org.springframework.boot.test.json.DuplicateJsonObjectContextCustomizerFactory$DuplicateJsonObjectContextCustomizer@7e7be63f, org.springframework.boot.test.mock.mockito.MockitoContextCustomizer@bf6332d7, org.springframework.boot.test.web.client.TestRestTemplateContextCustomizer@3e11f9e9, org.springframework.boot.test.autoconfigure.actuate.metrics.MetricsExportContextCustomizerFactory$DisableMetricExportContextCustomizer@36916eb0, org.springframework.boot.test.autoconfigure.properties.PropertyMappingContextCustomizer@0, org.springframework.boot.test.autoconfigure.web.servlet.WebDriverContextCustomizerFactory$Customizer@4efac082, org.springframework.boot.test.context.SpringBootTestArgs@1, org.springframework.boot.test.context.SpringBootTestWebEnvironment@2a556333], resourceBasePath = 'src/main/webapp', contextLoader = 'org.springframework.boot.test.context.SpringBootContextLoader', parent = [null]], attributes = map['org.springframework.test.context.web.ServletTestExecutionListener.activateListener' -> true]], class annotated with @DirtiesContext [false] with mode [null].

  .   ____          _            __ _ _
 /\\ / ___'_ __ _ _(_)_ __  __ _ \ \ \ \
( ( )\___ | '_ | '_| | '_ \/ _` | \ \ \ \
 \\/  ___)| |_)| | | | | || (_| |  ) ) ) )
  '  |____| .__|_| |_|_| |_\__, | / / / /
 =========|_|==============|___/=/_/_/_/
 :: Spring Boot ::                (v2.7.5)

2024-04-21 00:21:06.183  INFO 3079 --- [           main] c.e.inventory.InventoryApplicationTests  : Starting InventoryApplicationTests using Java 21.0.1 on Hemanths-Air.lan with PID 3079 (started by hemanthsukumar in /Users/hemanthsukumar/Documents/AdvSE/Team7_project/IMP/IMS_backend)
2024-04-21 00:21:06.183  INFO 3079 --- [           main] c.e.inventory.InventoryApplicationTests  : No active profile set, falling back to 1 default profile: "default"
2024-04-21 00:21:06.197 DEBUG 3079 --- [           main] o.s.w.c.s.GenericWebApplicationContext   : Refreshing org.springframework.web.context.support.GenericWebApplicationContext@4fcee388
2024-04-21 00:21:06.435  INFO 3079 --- [           main] .s.d.r.c.RepositoryConfigurationDelegate : Bootstrapping Spring Data JPA repositories in DEFAULT mode.
2024-04-21 00:21:06.457  INFO 3079 --- [           main] .s.d.r.c.RepositoryConfigurationDelegate : Finished Spring Data repository scanning in 19 ms. Found 5 JPA repository interfaces.
2024-04-21 00:21:06.890  INFO 3079 --- [           main] com.zaxxer.hikari.HikariDataSource       : HikariPool-1 - Starting...
2024-04-21 00:21:07.026  INFO 3079 --- [           main] com.zaxxer.hikari.HikariDataSource       : HikariPool-1 - Start completed.
2024-04-21 00:21:07.104  INFO 3079 --- [           main] o.hibernate.jpa.internal.util.LogHelper  : HHH000204: Processing PersistenceUnitInfo [name: default]
2024-04-21 00:21:07.130  INFO 3079 --- [           main] org.hibernate.Version                    : HHH000412: Hibernate ORM core version 5.6.12.Final
2024-04-21 00:21:07.146  INFO 3079 --- [           main] o.hibernate.annotations.common.Version   : HCANN000001: Hibernate Commons Annotations {5.1.2.Final}
2024-04-21 00:21:07.187  INFO 3079 --- [           main] org.hibernate.dialect.Dialect            : HHH000400: Using dialect: org.hibernate.dialect.H2Dialect
2024-04-21 00:21:07.372  INFO 3079 --- [           main] o.h.e.t.j.p.i.JtaPlatformInitiator       : HHH000490: Using JtaPlatform implementation: [org.hibernate.engine.transaction.jta.platform.internal.NoJtaPlatform]
2024-04-21 00:21:07.376  INFO 3079 --- [           main] j.LocalContainerEntityManagerFactoryBean : Initialized JPA EntityManagerFactory for persistence unit 'default'
2024-04-21 00:21:07.492  WARN 3079 --- [           main] JpaBaseConfiguration$JpaWebConfiguration : spring.jpa.open-in-view is enabled by default. Therefore, database queries may be performed during view rendering. Explicitly configure spring.jpa.open-in-view to disable this warning
2024-04-21 00:21:07.596 DEBUG 3079 --- [           main] s.w.s.m.m.a.RequestMappingHandlerAdapter : ControllerAdvice beans: 0 @ModelAttribute, 0 @InitBinder, 1 RequestBodyAdvice, 1 ResponseBodyAdvice
2024-04-21 00:21:07.638 DEBUG 3079 --- [           main] s.w.s.m.m.a.RequestMappingHandlerMapping : 14 mappings in 'requestMappingHandlerMapping'
2024-04-21 00:21:07.657 DEBUG 3079 --- [           main] o.s.w.s.handler.SimpleUrlHandlerMapping  : Patterns [/webjars/**, /**] in 'resourceHandlerMapping'
2024-04-21 00:21:07.663 DEBUG 3079 --- [           main] .m.m.a.ExceptionHandlerExceptionResolver : ControllerAdvice beans: 0 @ExceptionHandler, 1 ResponseBodyAdvice
2024-04-21 00:21:07.736  INFO 3079 --- [           main] c.e.inventory.InventoryApplicationTests  : Started InventoryApplicationTests in 1.673 seconds (JVM running for 2.146)
]]></system-out>
  </testcase>
  <testcase name="registration" classname="com.example.inventory.InventoryApplicationTests" time="1.359">
    <system-out><![CDATA[true
]]></system-out>
  </testcase>
  <testcase name="editInventory" classname="com.example.inventory.InventoryApplicationTests" time="0.004"/>
  <testcase name="authentication" classname="com.example.inventory.InventoryApplicationTests" time="0.004"/>
  <testcase name="getInventorys" classname="com.example.inventory.InventoryApplicationTests" time="0.003"/>
  <testcase name="acceptOrders" classname="com.example.inventory.InventoryApplicationTests" time="1.228"/>
</testsuite>