<?xml version="1.0" encoding="UTF-8"?>
<!-- Generated by org.testng.reporters.JUnitReportReporter -->
<testsuite hostname="Hemanths-MacBook-Air.local" failures="0" tests="4" name="Testscriptes.TC_Login" time="8.802" errors="0" timestamp="2023-11-20T12:10:28 GMT-06:00" skipped="0">
  <testcase classname="Testscriptes.TC_Login" name="validUserNameAndPassword" time="2.251"/>
  <testcase classname="Testscriptes.TC_Login" name="invalidUserNameAndPassword" time="2.199"/>
  <testcase classname="Testscriptes.TC_Login" name="validUserNameAndInvalidPassword" time="2.186"/>
  <testcase classname="Testscriptes.TC_Login" name="invalidUserNameAndValidPassword" time="2.166"/>
</testsuite> <!-- Testscriptes.TC_Login -->
