<?xml version="1.0" encoding="UTF-8"?>
<!-- Generated by org.testng.reporters.JUnitReportReporter -->
<testsuite hostname="Hemanths-MacBook-Air.local" failures="0" tests="6" name="Testscriptes.TC_Admin" time="9.720" errors="0" timestamp="2023-11-20T12:10:28 GMT-06:00" skipped="0">
  <testcase classname="Testscriptes.TC_Admin" name="validLocationId" time="3.270"/>
  <testcase classname="Testscriptes.TC_Admin" name="invalidLocationId" time="1.123"/>
  <testcase classname="Testscriptes.TC_Admin" name="invalidLocationIdAndInvalidMaterialID" time="1.138"/>
  <testcase classname="Testscriptes.TC_Admin" name="validLocationIdAndMaterialId" time="1.143"/>
  <testcase classname="Testscriptes.TC_Admin" name="update" time="1.229"/>
  <testcase classname="Testscriptes.TC_Admin" name="addItems" time="1.817"/>
</testsuite> <!-- Testscriptes.TC_Admin -->
