<?xml version="1.0" encoding="UTF-8"?>
<!-- Generated by org.testng.reporters.JUnitReportReporter -->
<testsuite hostname="Hemanths-MacBook-Air.local" failures="0" tests="6" name="Testscriptes.TC_User" time="19.647" errors="0" timestamp="2023-11-20T12:10:28 GMT-06:00" skipped="0">
  <testcase classname="Testscriptes.TC_User" name="validLocationId" time="3.263"/>
  <testcase classname="Testscriptes.TC_User" name="invalidLocationId" time="1.126"/>
  <testcase classname="Testscriptes.TC_User" name="invalidLocationIdAndInvalidMaterialID" time="1.146"/>
  <testcase classname="Testscriptes.TC_User" name="validLocationIdAndMaterialId" time="1.173"/>
  <testcase classname="Testscriptes.TC_User" name="order" time="6.829"/>
  <testcase classname="Testscriptes.TC_User" name="cancel" time="6.110"/>
</testsuite> <!-- Testscriptes.TC_User -->
