<?xml version="1.0" encoding="UTF-8"?>
<!-- Generated by org.testng.reporters.JUnitReportReporter -->
<testsuite hostname="LTIN190046" failures="0" tests="4" name="Testscriptes.Tc_imsscripts" time="14.259" errors="0" timestamp="2023-10-27T17:26:50 IST" skipped="0">
  <testcase classname="Testscriptes.Tc_imsscripts" name="validUserNameAndPassword" time="3.867"/>
  <testcase classname="Testscriptes.Tc_imsscripts" name="invalidUserNameAndPassword" time="3.710"/>
  <testcase classname="Testscriptes.Tc_imsscripts" name="validUserNameAndInvalidPassword" time="3.350"/>
  <testcase classname="Testscriptes.Tc_imsscripts" name="invalidUserNameAndValidPassword" time="3.332"/>
</testsuite> <!-- Testscriptes.Tc_imsscripts -->
