<?xml version="1.0" encoding="UTF-8"?>
<!-- Generated by org.testng.reporters.JUnitReportReporter -->
<testsuite hostname="LTIN190046" failures="0" tests="6" name="Testscriptes.Admin_TC" time="14.260" errors="0" timestamp="2023-10-27T21:47:16 IST" skipped="0">
  <testcase classname="Testscriptes.Admin_TC" name="validLocationId" time="4.236"/>
  <testcase classname="Testscriptes.Admin_TC" name="invalidLocationId" time="2.378"/>
  <testcase classname="Testscriptes.Admin_TC" name="invalidLocationIdAndInvalidMaterialID" time="1.994"/>
  <testcase classname="Testscriptes.Admin_TC" name="validLocationIdAndMaterialId" time="1.578"/>
  <testcase classname="Testscriptes.Admin_TC" name="update" time="1.586"/>
  <testcase classname="Testscriptes.Admin_TC" name="addItems" time="2.488"/>
</testsuite> <!-- Testscriptes.Admin_TC -->
