<?xml version="1.0" encoding="UTF-8"?>
<!-- Generated by org.testng.reporters.JUnitReportReporter -->
<testsuite hostname="LTIN190046" failures="0" tests="6" name="Testscriptes.TC_Admin" time="12.269" errors="0" timestamp="2023-10-28T14:12:01 IST" skipped="0">
  <testcase classname="Testscriptes.TC_Admin" name="validLocationId" time="3.886"/>
  <testcase classname="Testscriptes.TC_Admin" name="invalidLocationId" time="1.607"/>
  <testcase classname="Testscriptes.TC_Admin" name="invalidLocationIdAndInvalidMaterialID" time="1.441"/>
  <testcase classname="Testscriptes.TC_Admin" name="validLocationIdAndMaterialId" time="1.384"/>
  <testcase classname="Testscriptes.TC_Admin" name="update" time="1.592"/>
  <testcase classname="Testscriptes.TC_Admin" name="addItems" time="2.359"/>
</testsuite> <!-- Testscriptes.TC_Admin -->
