<?xml version="1.0" encoding="UTF-8"?>
<!-- Generated by org.testng.reporters.JUnitReportReporter -->
<testsuite hostname="LTIN190046" failures="0" tests="6" name="Testscriptes.TC_User" time="23.132" errors="0" timestamp="2023-10-28T14:12:01 IST" skipped="0">
  <testcase classname="Testscriptes.TC_User" name="validLocationId" time="4.724"/>
  <testcase classname="Testscriptes.TC_User" name="invalidLocationId" time="1.960"/>
  <testcase classname="Testscriptes.TC_User" name="invalidLocationIdAndInvalidMaterialID" time="1.508"/>
  <testcase classname="Testscriptes.TC_User" name="validLocationIdAndMaterialId" time="1.516"/>
  <testcase classname="Testscriptes.TC_User" name="order" time="7.221"/>
  <testcase classname="Testscriptes.TC_User" name="cancel" time="6.203"/>
</testsuite> <!-- Testscriptes.TC_User -->
