<?xml version="1.0" encoding="UTF-8"?>
<!-- Generated by org.testng.reporters.JUnitReportReporter -->
<testsuite hostname="LTIN190046" failures="0" tests="4" name="Testscriptes.TC_Login" time="11.223" errors="0" timestamp="2023-10-28T14:12:01 IST" skipped="0">
  <testcase classname="Testscriptes.TC_Login" name="validUserNameAndPassword" time="2.970"/>
  <testcase classname="Testscriptes.TC_Login" name="invalidUserNameAndPassword" time="2.663"/>
  <testcase classname="Testscriptes.TC_Login" name="validUserNameAndInvalidPassword" time="2.902"/>
  <testcase classname="Testscriptes.TC_Login" name="invalidUserNameAndValidPassword" time="2.688"/>
</testsuite> <!-- Testscriptes.TC_Login -->
